<?xml version="1.0" encoding="UTF-8"?>
<testng-results ignored="0" total="3" passed="3" failed="0" skipped="0">
  <reporter-output>
  </reporter-output>
  <suite started-at="2024-10-16T11:09:03 IST" name="Suite" finished-at="2024-10-16T11:09:03 IST" duration-ms="272">
    <groups>
    </groups>
    <test started-at="2024-10-16T11:09:03 IST" name="Test" finished-at="2024-10-16T11:09:03 IST" duration-ms="272">
      <class name="Demo1">
        <test-method signature="signOut()[pri:0, instance:Demo1@5149d738]" started-at="2024-10-16T11:09:03 IST" name="signOut" finished-at="2024-10-16T11:09:03 IST" duration-ms="7" status="PASS">
          <reporter-output>
          </reporter-output>
        </test-method> <!-- signOut -->
      </class> <!-- Demo1 -->
      <class name="simple">
        <test-method signature="signOff()[pri:1, instance:simple@117159c0]" started-at="2024-10-16T11:09:03 IST" name="signOff" finished-at="2024-10-16T11:09:03 IST" duration-ms="29" status="PASS">
          <reporter-output>
          </reporter-output>
        </test-method> <!-- signOff -->
        <test-method signature="signUp()[pri:2, instance:simple@117159c0]" started-at="2024-10-16T11:09:03 IST" name="signUp" finished-at="2024-10-16T11:09:03 IST" duration-ms="6" status="PASS">
          <reporter-output>
          </reporter-output>
        </test-method> <!-- signUp -->
      </class> <!-- simple -->
    </test> <!-- Test -->
  </suite> <!-- Suite -->
</testng-results>
